2023-06-06 09:54:24,809 - writeLogs.py - ERROR: file：__init__.py - Failed to set global variables!
2023-06-06 09:54:24,809 - writeLogs.py - ERROR: file：__init__.py - 'bool' object is not subscriptable
2023-06-06 09:55:25,134 - writeLogs.py - ERROR: file：__init__.py - Failed to set global variables!
2023-06-06 09:55:25,136 - writeLogs.py - ERROR: file：__init__.py - 'bool' object is not subscriptable
2023-06-06 09:57:02,441 - writeLogs.py - ERROR: file：__init__.py - Failed to set global variables!
2023-06-06 09:57:02,443 - writeLogs.py - ERROR: file：__init__.py - 'bool' object is not subscriptable
2023-06-06 09:59:18,836 - writeLogs.py - ERROR: file：__init__.py - Failed to set global variables!
2023-06-06 09:59:18,847 - writeLogs.py - ERROR: file：__init__.py - 'bool' object is not subscriptable
2023-06-06 10:02:28,311 - writeLogs.py - ERROR: file：__init__.py - Failed to set global variables!
2023-06-06 10:02:28,312 - writeLogs.py - ERROR: file：__init__.py - 'bool' object is not subscriptable
2023-06-06 10:05:20,262 - writeLogs.py - ERROR: file：__init__.py - Failed to set global variables!
2023-06-06 10:05:20,264 - writeLogs.py - ERROR: file：__init__.py - 'bool' object is not subscriptable
2023-06-06 10:08:36,383 - writeLogs.py - ERROR: file：__init__.py - Failed to set global variables!
2023-06-06 10:08:36,384 - writeLogs.py - ERROR: file：__init__.py - 'bool' object is not subscriptable
2023-06-06 10:11:08,418 - writeLogs.py - ERROR: file：__init__.py - Failed to set global variables!
2023-06-06 10:11:08,419 - writeLogs.py - ERROR: file：__init__.py - 'bool' object is not subscriptable
2023-06-06 10:13:06,495 - writeLogs.py - ERROR: file：__init__.py - Failed to set global variables!
2023-06-06 10:13:06,495 - writeLogs.py - ERROR: file：__init__.py - 'bool' object is not subscriptable
2023-06-06 10:29:01,861 - writeLogs.py - ERROR: file：__init__.py - Failed to set global variables!
2023-06-06 10:29:01,863 - writeLogs.py - ERROR: file：__init__.py - 'bool' object is not subscriptable
2023-06-06 10:30:19,413 - writeLogs.py - ERROR: file：__init__.py - Failed to set global variables!
2023-06-06 10:30:19,414 - writeLogs.py - ERROR: file：__init__.py - 'bool' object is not subscriptable
2023-06-06 10:35:02,453 - writeLogs.py - ERROR: file：__init__.py - Failed to set global variables!
2023-06-06 10:35:02,454 - writeLogs.py - ERROR: file：__init__.py - 'bool' object is not subscriptable
2023-06-06 10:42:47,547 - writeLogs.py - ERROR: file：__init__.py - Failed to set global variables!
2023-06-06 10:42:47,548 - writeLogs.py - ERROR: file：__init__.py - 'bool' object is not subscriptable
2023-06-06 10:47:43,704 - writeLogs.py - ERROR: file：__init__.py - Failed to set global variables!
2023-06-06 10:47:43,705 - writeLogs.py - ERROR: file：__init__.py - 'bool' object is not subscriptable
2023-06-06 10:52:07,811 - writeLogs.py - ERROR: file：__init__.py - Failed to set global variables!
2023-06-06 10:52:07,811 - writeLogs.py - ERROR: file：__init__.py - 'bool' object is not subscriptable
2023-06-06 13:02:27,134 - writeLogs.py - ERROR: file：__init__.py - Failed to set global variables!
2023-06-06 13:02:27,135 - writeLogs.py - ERROR: file：__init__.py - 'bool' object is not subscriptable
2023-06-06 13:55:08,923 - writeLogs.py - ERROR: file：__init__.py - Failed to set global variables!
2023-06-06 13:55:08,925 - writeLogs.py - ERROR: file：__init__.py - 'bool' object is not subscriptable
2023-06-06 13:58:00,102 - writeLogs.py - ERROR: file：__init__.py - Failed to set global variables!
2023-06-06 13:58:00,104 - writeLogs.py - ERROR: file：__init__.py - 'bool' object is not subscriptable
2023-06-06 14:16:50,773 - writeLogs.py - ERROR: file：__init__.py - Failed to set global variables!
2023-06-06 14:16:50,774 - writeLogs.py - ERROR: file：__init__.py - 'bool' object is not subscriptable
2023-06-06 15:18:34,927 - writeLogs.py - ERROR: file：__init__.py - Failed to set global variables!
2023-06-06 15:18:34,929 - writeLogs.py - ERROR: file：__init__.py - 'bool' object is not subscriptable
2023-06-06 15:24:08,513 - writeLogs.py - ERROR: file：__init__.py - Failed to set global variables!
2023-06-06 15:24:08,514 - writeLogs.py - ERROR: file：__init__.py - 'bool' object is not subscriptable
2023-06-06 15:26:28,146 - writeLogs.py - ERROR: file：__init__.py - Failed to set global variables!
2023-06-06 15:26:28,148 - writeLogs.py - ERROR: file：__init__.py - 'bool' object is not subscriptable
2023-06-06 15:28:47,702 - writeLogs.py - ERROR: file：__init__.py - Failed to set global variables!
2023-06-06 15:28:47,703 - writeLogs.py - ERROR: file：__init__.py - 'bool' object is not subscriptable
2023-06-06 15:34:54,090 - writeLogs.py - ERROR: file：__init__.py - Failed to set global variables!
2023-06-06 15:34:54,092 - writeLogs.py - ERROR: file：__init__.py - 'bool' object is not subscriptable
2023-06-06 15:52:22,500 - writeLogs.py - ERROR: file：__init__.py - Failed to set global variables!
2023-06-06 15:52:22,502 - writeLogs.py - ERROR: file：__init__.py - 'bool' object is not subscriptable
2023-06-06 15:55:54,098 - writeLogs.py - ERROR: file：__init__.py - Failed to set global variables!
2023-06-06 15:55:54,099 - writeLogs.py - ERROR: file：__init__.py - 'bool' object is not subscriptable
2023-06-06 15:59:04,164 - writeLogs.py - ERROR: file：__init__.py - Failed to set global variables!
2023-06-06 15:59:04,165 - writeLogs.py - ERROR: file：__init__.py - 'bool' object is not subscriptable
2023-06-06 16:03:01,442 - writeLogs.py - ERROR: file：__init__.py - Failed to set global variables!
2023-06-06 16:03:01,443 - writeLogs.py - ERROR: file：__init__.py - 'bool' object is not subscriptable
2023-06-06 16:06:22,496 - writeLogs.py - ERROR: file：__init__.py - Failed to set global variables!
2023-06-06 16:06:22,497 - writeLogs.py - ERROR: file：__init__.py - 'bool' object is not subscriptable
2023-06-06 16:20:59,820 - writeLogs.py - ERROR: file：__init__.py - Failed to set global variables!
2023-06-06 16:20:59,821 - writeLogs.py - ERROR: file：__init__.py - 'bool' object is not subscriptable
2023-06-06 16:48:59,934 - writeLogs.py - ERROR: file：__init__.py - Failed to set global variables!
2023-06-06 16:48:59,935 - writeLogs.py - ERROR: file：__init__.py - 'bool' object is not subscriptable
2023-06-06 16:49:55,385 - writeLogs.py - ERROR: file：__init__.py - Failed to set global variables!
2023-06-06 16:49:55,386 - writeLogs.py - ERROR: file：__init__.py - 'bool' object is not subscriptable
2023-06-06 16:54:08,564 - writeLogs.py - ERROR: file：__init__.py - Failed to set global variables!
2023-06-06 16:54:08,566 - writeLogs.py - ERROR: file：__init__.py - 'bool' object is not subscriptable
2023-06-06 16:54:32,561 - writeLogs.py - ERROR: file：__init__.py - Failed to set global variables!
2023-06-06 16:54:32,562 - writeLogs.py - ERROR: file：__init__.py - 'bool' object is not subscriptable
2023-06-06 16:59:40,526 - writeLogs.py - ERROR: file：__init__.py - Failed to set global variables!
2023-06-06 16:59:40,527 - writeLogs.py - ERROR: file：__init__.py - 'bool' object is not subscriptable
2023-06-06 16:59:57,258 - writeLogs.py - ERROR: file：__init__.py - Failed to set global variables!
2023-06-06 16:59:57,259 - writeLogs.py - ERROR: file：__init__.py - 'bool' object is not subscriptable
2023-06-06 17:05:09,590 - writeLogs.py - ERROR: file：__init__.py - Failed to set global variables!
2023-06-06 17:05:09,591 - writeLogs.py - ERROR: file：__init__.py - 'bool' object is not subscriptable
2023-06-06 17:05:27,853 - writeLogs.py - ERROR: file：__init__.py - Failed to set global variables!
2023-06-06 17:05:27,854 - writeLogs.py - ERROR: file：__init__.py - 'bool' object is not subscriptable
2023-06-06 17:09:32,100 - writeLogs.py - ERROR: file：__init__.py - Failed to set global variables!
2023-06-06 17:09:32,101 - writeLogs.py - ERROR: file：__init__.py - 'bool' object is not subscriptable
2023-06-06 17:09:51,142 - writeLogs.py - ERROR: file：__init__.py - Failed to set global variables!
2023-06-06 17:09:51,143 - writeLogs.py - ERROR: file：__init__.py - 'bool' object is not subscriptable
2023-06-06 17:10:54,935 - writeLogs.py - ERROR: file：__init__.py - Failed to set global variables!
2023-06-06 17:10:54,936 - writeLogs.py - ERROR: file：__init__.py - 'bool' object is not subscriptable
2023-06-06 17:11:04,694 - writeLogs.py - ERROR: file：__init__.py - Failed to set global variables!
2023-06-06 17:11:04,695 - writeLogs.py - ERROR: file：__init__.py - 'bool' object is not subscriptable
2023-06-06 17:14:09,227 - writeLogs.py - ERROR: file：__init__.py - Failed to set global variables!
2023-06-06 17:14:09,228 - writeLogs.py - ERROR: file：__init__.py - 'bool' object is not subscriptable
2023-06-06 17:18:39,975 - writeLogs.py - ERROR: file：__init__.py - Failed to set global variables!
2023-06-06 17:18:39,976 - writeLogs.py - ERROR: file：__init__.py - 'bool' object is not subscriptable
2023-06-06 17:18:50,039 - writeLogs.py - ERROR: file：__init__.py - Failed to set global variables!
2023-06-06 17:18:50,039 - writeLogs.py - ERROR: file：__init__.py - 'bool' object is not subscriptable
2023-06-06 19:03:42,750 - writeLogs.py - ERROR: file：__init__.py - Failed to set global variables!
2023-06-06 19:03:42,752 - writeLogs.py - ERROR: file：__init__.py - 'bool' object is not subscriptable
2023-06-06 19:03:49,426 - writeLogs.py - ERROR: file：__init__.py - Failed to set global variables!
2023-06-06 19:03:49,427 - writeLogs.py - ERROR: file：__init__.py - 'bool' object is not subscriptable
2023-06-06 19:04:05,216 - writeLogs.py - ERROR: file：checkResult.py - status code is incorrect!
 500 != 200
NoneType: None
2023-06-06 19:06:54,288 - writeLogs.py - ERROR: file：__init__.py - Failed to set global variables!
2023-06-06 19:06:54,290 - writeLogs.py - ERROR: file：__init__.py - 'bool' object is not subscriptable
2023-06-06 19:07:01,562 - writeLogs.py - ERROR: file：__init__.py - Failed to set global variables!
2023-06-06 19:07:01,563 - writeLogs.py - ERROR: file：__init__.py - 'bool' object is not subscriptable
2023-06-06 19:07:15,807 - writeLogs.py - ERROR: file：checkResult.py - status code is incorrect!
 500 != 200
NoneType: None
2023-06-06 19:10:09,495 - writeLogs.py - ERROR: file：__init__.py - Failed to set global variables!
2023-06-06 19:10:09,496 - writeLogs.py - ERROR: file：__init__.py - 'bool' object is not subscriptable
2023-06-06 19:10:16,022 - writeLogs.py - ERROR: file：__init__.py - Failed to set global variables!
2023-06-06 19:10:16,022 - writeLogs.py - ERROR: file：__init__.py - 'bool' object is not subscriptable
2023-06-06 19:10:30,033 - writeLogs.py - ERROR: file：checkResult.py - status code is incorrect!
 500 != 200
NoneType: None
2023-06-06 19:11:40,612 - writeLogs.py - ERROR: file：__init__.py - Failed to set global variables!
2023-06-06 19:11:40,614 - writeLogs.py - ERROR: file：__init__.py - 'bool' object is not subscriptable
2023-06-06 19:11:50,872 - writeLogs.py - ERROR: file：__init__.py - Failed to set global variables!
2023-06-06 19:11:50,873 - writeLogs.py - ERROR: file：__init__.py - 'bool' object is not subscriptable
